


[2020-04-06/09:50:27]		Training LinearRegression on pipe5 ...

----------Fold 1--------------
r2: 0.8190474580292836
mae: 2.683167695730665
----------Fold 2--------------
r2: 0.8159921321067705
mae: 2.476700790741015
----------Fold 3--------------
r2: 0.8372397521756954
mae: 2.5333677837202337
----------Fold 4--------------
r2: 0.8244175476120739
mae: 2.497857309601302
----------Fold 5--------------
r2: 0.8438469782557382
mae: 2.5722012988546923

cv avg r2: 0.8281087736359123
cv avg mae: 2.5526589757295817


[2020-04-06/09:50:31]		Training Ridge on pipe5 ...

----------Fold 1--------------
r2: 0.821449307587558
mae: 2.671200221008799
----------Fold 2--------------
r2: 0.8183430838400686
mae: 2.4631600362497417
----------Fold 3--------------
r2: 0.8330111999837753
mae: 2.53116696484322
----------Fold 4--------------
r2: 0.8238332012238154
mae: 2.4898309622071793
----------Fold 5--------------
r2: 0.8456446469261625
mae: 2.5536804356298615

cv avg r2: 0.828456287912276
cv avg mae: 2.54180772398776


[2020-04-06/09:50:35]		Training Lasso on pipe5 ...

----------Fold 1--------------
r2: 0.8194901554325404
mae: 2.6317324935763065
----------Fold 2--------------
r2: 0.8081055778930682
mae: 2.4526988166232275
----------Fold 3--------------
r2: 0.8001397712136296
mae: 2.6749756512565184
----------Fold 4--------------
r2: 0.7984176788428718
mae: 2.541043617949097
----------Fold 5--------------
r2: 0.7907150151176765
mae: 3.047223417271357

cv avg r2: 0.8033736396999572
cv avg mae: 2.669534799335301


[2020-04-06/09:50:40]		Training SVR on pipe5 ...

----------Fold 1--------------
r2: 0.8282214847206741
mae: 2.508040166589591
----------Fold 2--------------
r2: 0.7879878666259439
mae: 2.6184628026671626
----------Fold 3--------------
r2: 0.7172712866801729
mae: 3.039178015851034
----------Fold 4--------------
r2: 0.7625234365650049
mae: 2.615706968647581
----------Fold 5--------------
r2: 0.778388351625408
mae: 2.764533551122848

cv avg r2: 0.7748784852434408
cv avg mae: 2.709184300975643


[2020-04-06/09:50:44]		Training RandomForestRegressor on pipe5 ...

----------Fold 1--------------
r2: 0.817187689282177
mae: 2.4089847521360137
----------Fold 2--------------
r2: 0.8319950206701763
mae: 2.138308275097131
----------Fold 3--------------
r2: 0.7986145429512358
mae: 2.372343839604137
----------Fold 4--------------
r2: 0.867297896843107
mae: 2.0789630891667636
----------Fold 5--------------
r2: 0.8618941320288168
mae: 2.3241774581253583

cv avg r2: 0.8353978563551026
cv avg mae: 2.264555482825881


[2020-04-06/09:50:51]		Training ExtraTreesRegressor on pipe5 ...

----------Fold 1--------------
r2: 0.8615449518541185
mae: 2.0944490886606886
----------Fold 2--------------
r2: 0.8598610014282162
mae: 1.9497787947810301
----------Fold 3--------------
r2: 0.7997169639073112
mae: 2.4046867779625902
----------Fold 4--------------
r2: 0.848534359257916
mae: 2.1597311650681856
----------Fold 5--------------
r2: 0.8770339404391768
mae: 2.068251540374134

cv avg r2: 0.8493382433773478
cv avg mae: 2.1353794733693254


[2020-04-06/09:50:57]		Training AdaBoostRegressor on pipe5 ...

----------Fold 1--------------
r2: 0.8159808218253898
mae: 2.537363482376813
----------Fold 2--------------
r2: 0.8611377969633607
mae: 2.136989288635306
----------Fold 3--------------
r2: 0.8209777076820907
mae: 2.4485705142331975
----------Fold 4--------------
r2: 0.8471904856612118
mae: 2.2987517778548745
----------Fold 5--------------
r2: 0.8612552662122201
mae: 2.3514095614351276

cv avg r2: 0.8413084156688546
cv avg mae: 2.354616924907064


[2020-04-06/09:51:03]		Training GradientBoostingRegressor on pipe5 ...

----------Fold 1--------------
r2: 0.8097760796462131
mae: 2.478654023845633
----------Fold 2--------------
r2: 0.8227246980260953
mae: 2.1553083520022867
----------Fold 3--------------
r2: 0.8166963985910898
mae: 2.365607421056685
----------Fold 4--------------
r2: 0.8759052220898366
mae: 1.990644890965279
----------Fold 5--------------
r2: 0.8838045720801644
mae: 2.1925159552523317

cv avg r2: 0.8417813940866798
cv avg mae: 2.2365461286244432