


[2020-04-06/09:54:00]		Training LinearRegression on pipe10 ...

----------Fold 1--------------
r2: 0.7614989340241612
mae: 3.026756484602414
----------Fold 2--------------
r2: 0.7521986540002095
mae: 2.939537001612571
----------Fold 3--------------
r2: 0.7353519979034882
mae: 2.9505391374851433
----------Fold 4--------------
r2: 0.7475455625668076
mae: 2.7731699594767023
----------Fold 5--------------
r2: 0.7757552360613611
mae: 2.8756127839087307

cv avg r2: 0.7544700769112055
cv avg mae: 2.913123073417112


[2020-04-06/09:54:05]		Training Ridge on pipe10 ...

----------Fold 1--------------
r2: 0.761716589117192
mae: 3.025300785159789
----------Fold 2--------------
r2: 0.7522128013282227
mae: 2.9391514076197285
----------Fold 3--------------
r2: 0.7353667351883084
mae: 2.948093879083785
----------Fold 4--------------
r2: 0.7476932929521227
mae: 2.7712992304170214
----------Fold 5--------------
r2: 0.7755589683489023
mae: 2.8766926742471752

cv avg r2: 0.7545096773869496
cv avg mae: 2.9121075953055


[2020-04-06/09:54:09]		Training Lasso on pipe10 ...

----------Fold 1--------------
r2: 0.7749995764688153
mae: 2.965942458766811
----------Fold 2--------------
r2: 0.7376177862798219
mae: 3.010772204163559
----------Fold 3--------------
r2: 0.7069962568286762
mae: 3.092488849047059
----------Fold 4--------------
r2: 0.7688895544091535
mae: 2.565002690116623
----------Fold 5--------------
r2: 0.7340962955530561
mae: 3.1379780763747958

cv avg r2: 0.7445198939079045
cv avg mae: 2.954436855693769


[2020-04-06/09:54:14]		Training SVR on pipe10 ...

----------Fold 1--------------
r2: 0.8383776022511413
mae: 2.477315352468323
----------Fold 2--------------
r2: 0.7505188657996037
mae: 2.8804769986692906
----------Fold 3--------------
r2: 0.7084689195240172
mae: 2.8842624387556612
----------Fold 4--------------
r2: 0.7225144580079155
mae: 2.7882818236720914
----------Fold 5--------------
r2: 0.7468764822866159
mae: 2.975237470787377

cv avg r2: 0.7533512655738587
cv avg mae: 2.8011148168705486


[2020-04-06/09:54:18]		Training RandomForestRegressor on pipe10 ...

----------Fold 1--------------
r2: 0.8246559395421487
mae: 2.3422544406502874
----------Fold 2--------------
r2: 0.8135488153430844
mae: 2.4273195943588286
----------Fold 3--------------
r2: 0.7594907876757578
mae: 2.8223171521280075
----------Fold 4--------------
r2: 0.7793949618353799
mae: 2.6382420770984654
----------Fold 5--------------
r2: 0.852662044673857
mae: 2.268047655521311

cv avg r2: 0.8059505098140456
cv avg mae: 2.49963618395138


[2020-04-06/09:54:25]		Training ExtraTreesRegressor on pipe10 ...

----------Fold 1--------------
r2: 0.8399593175846947
mae: 2.4240054213481996
----------Fold 2--------------
r2: 0.7953882619649678
mae: 2.5443150111867636
----------Fold 3--------------
r2: 0.746586066891151
mae: 2.8043692432177414
----------Fold 4--------------
r2: 0.8174121066915758
mae: 2.409651916540356
----------Fold 5--------------
r2: 0.8081386242684678
mae: 2.6109505472438235

cv avg r2: 0.8014968754801715
cv avg mae: 2.558658427907377


[2020-04-06/09:54:31]		Training AdaBoostRegressor on pipe10 ...

----------Fold 1--------------
r2: 0.7282387288673946
mae: 2.8969534783462954
----------Fold 2--------------
r2: 0.783814532896769
mae: 2.6968046747273013
----------Fold 3--------------
r2: 0.7301761827431277
mae: 2.9155857932397904
----------Fold 4--------------
r2: 0.8023380203869767
mae: 2.586181492112008
----------Fold 5--------------
r2: 0.8053544477568519
mae: 2.7279473140283663

cv avg r2: 0.769984382530224
cv avg mae: 2.764694550490752


[2020-04-06/09:54:36]		Training GradientBoostingRegressor on pipe10 ...

----------Fold 1--------------
r2: 0.801119275211412
mae: 2.5258765371892484
----------Fold 2--------------
r2: 0.8173506690463637
mae: 2.436955504282209
----------Fold 3--------------
r2: 0.7741213284496458
mae: 2.7189506461281843
----------Fold 4--------------
r2: 0.7735318918228479
mae: 2.6934660063049103
----------Fold 5--------------
r2: 0.8567166510987889
mae: 2.3958509070467824

cv avg r2: 0.8045679631258116
cv avg mae: 2.554219920190267