


[2020-04-06/09:51:52]		Training LinearRegression on pipe7 ...

----------Fold 1--------------
r2: 0.6722199725357609
mae: 3.5540414240688056
----------Fold 2--------------
r2: 0.676680456313748
mae: 3.377121943564659
----------Fold 3--------------
r2: 0.702949718777989
mae: 3.2217226240641494
----------Fold 4--------------
r2: 0.7238558622361753
mae: 3.0102894578475414
----------Fold 5--------------
r2: 0.7221284994784494
mae: 3.376381537681262

cv avg r2: 0.6995669018684245
cv avg mae: 3.3079113974452836


[2020-04-06/09:51:56]		Training Ridge on pipe7 ...

----------Fold 1--------------
r2: 0.6746959421410873
mae: 3.543902815344236
----------Fold 2--------------
r2: 0.6783798717240398
mae: 3.3671116256049256
----------Fold 3--------------
r2: 0.702751596520304
mae: 3.2216459721072415
----------Fold 4--------------
r2: 0.7240804972918711
mae: 3.0103347920437975
----------Fold 5--------------
r2: 0.7220086478101492
mae: 3.3710743540393397

cv avg r2: 0.7003833110974903
cv avg mae: 3.302813911827908


[2020-04-06/09:52:01]		Training Lasso on pipe7 ...

----------Fold 1--------------
r2: 0.7076325245697996
mae: 3.3271291500610225
----------Fold 2--------------
r2: 0.6742026289694665
mae: 3.353030710151477
----------Fold 3--------------
r2: 0.6713868289616951
mae: 3.4936645162651723
----------Fold 4--------------
r2: 0.7038057196472827
mae: 3.0823766189260273
----------Fold 5--------------
r2: 0.672689958348953
mae: 3.6642895533371975

cv avg r2: 0.6859435320994394
cv avg mae: 3.3840981097481793


[2020-04-06/09:52:05]		Training SVR on pipe7 ...

----------Fold 1--------------
r2: 0.7709515599933988
mae: 2.723393365659536
----------Fold 2--------------
r2: 0.6993112169456077
mae: 2.926332621003392
----------Fold 3--------------
r2: 0.710141911391273
mae: 2.968823313215175
----------Fold 4--------------
r2: 0.7514876812926066
mae: 2.6885542161931713
----------Fold 5--------------
r2: 0.7580167330872988
mae: 3.002486383964909

cv avg r2: 0.7379818205420369
cv avg mae: 2.861917980007237


[2020-04-06/09:52:10]		Training RandomForestRegressor on pipe7 ...

----------Fold 1--------------
r2: 0.7075851267008476
mae: 2.955606101271025
----------Fold 2--------------
r2: 0.7081612118376678
mae: 2.9187241924380047
----------Fold 3--------------
r2: 0.7210146526813284
mae: 3.087745356008963
----------Fold 4--------------
r2: 0.8091251578238734
mae: 2.4694758809731274
----------Fold 5--------------
r2: 0.8061711593315279
mae: 2.7842683072348744

cv avg r2: 0.750411461675049
cv avg mae: 2.843163967585199


[2020-04-06/09:52:17]		Training ExtraTreesRegressor on pipe7 ...

----------Fold 1--------------
r2: 0.758105293007307
mae: 2.844698215788276
----------Fold 2--------------
r2: 0.734772248045726
mae: 2.7743701571191526
----------Fold 3--------------
r2: 0.7152242764412943
mae: 3.0841261458859006
----------Fold 4--------------
r2: 0.7835731213867009
mae: 2.62865260586966
----------Fold 5--------------
r2: 0.8122455765710624
mae: 2.7186400310560974

cv avg r2: 0.7607841030904181
cv avg mae: 2.8100974311438174


[2020-04-06/09:52:23]		Training AdaBoostRegressor on pipe7 ...

----------Fold 1--------------
r2: 0.7695532462880779
mae: 2.728158372749245
----------Fold 2--------------
r2: 0.6785983778914763
mae: 3.3190158040277122
----------Fold 3--------------
r2: 0.6993540653024609
mae: 3.2396968526342595
----------Fold 4--------------
r2: 0.8018750531947554
mae: 2.667370849559393
----------Fold 5--------------
r2: 0.7719370887516589
mae: 3.088804104484276

cv avg r2: 0.7442635662856858
cv avg mae: 3.008609196690977


[2020-04-06/09:52:27]		Training GradientBoostingRegressor on pipe7 ...

----------Fold 1--------------
r2: 0.743392766553556
mae: 2.915198050856928
----------Fold 2--------------
r2: 0.6368800966550778
mae: 3.3089393599832286
----------Fold 3--------------
r2: 0.7355390423778774
mae: 3.0518169032149234
----------Fold 4--------------
r2: 0.7915653457687528
mae: 2.7202891245853538
----------Fold 5--------------
r2: 0.8044574380545755
mae: 2.742731587208274

cv avg r2: 0.742366937881968
cv avg mae: 2.9477950051697417