


[2020-04-06/09:54:41]		Training LinearRegression on pipe11 ...

----------Fold 1--------------
r2: 0.812898760535085
mae: 2.7746722988923156
----------Fold 2--------------
r2: 0.8022086231514589
mae: 2.686799472088569
----------Fold 3--------------
r2: 0.7934226901122302
mae: 2.6861072062202638
----------Fold 4--------------
r2: 0.7813597727883864
mae: 2.8426810387626933
----------Fold 5--------------
r2: 0.8237329486191216
mae: 2.785974961212217

cv avg r2: 0.8027245590412564
cv avg mae: 2.7552469954352117


[2020-04-06/09:54:46]		Training Ridge on pipe11 ...

----------Fold 1--------------
r2: 0.813160770166157
mae: 2.7725410779088273
----------Fold 2--------------
r2: 0.8022737700146609
mae: 2.685280403069546
----------Fold 3--------------
r2: 0.7933378499547977
mae: 2.6836207604212707
----------Fold 4--------------
r2: 0.7816425622834582
mae: 2.8388479566140457
----------Fold 5--------------
r2: 0.8235181543301511
mae: 2.7840698100057693

cv avg r2: 0.802786621349845
cv avg mae: 2.7528720016038917


[2020-04-06/09:54:50]		Training Lasso on pipe11 ...

----------Fold 1--------------
r2: 0.7778957215900967
mae: 2.94704422266622
----------Fold 2--------------
r2: 0.7550422282993496
mae: 2.9079497631828337
----------Fold 3--------------
r2: 0.709514453054576
mae: 3.0831988907301686
----------Fold 4--------------
r2: 0.7795578854392188
mae: 2.546350163908215
----------Fold 5--------------
r2: 0.7519048695146059
mae: 3.0091840463658426

cv avg r2: 0.7547830315795694
cv avg mae: 2.898745417370656


[2020-04-06/09:54:55]		Training SVR on pipe11 ...

----------Fold 1--------------
r2: 0.8154983116233373
mae: 2.616886498729303
----------Fold 2--------------
r2: 0.7672683649951546
mae: 2.8115305353455984
----------Fold 3--------------
r2: 0.709383813322496
mae: 3.086573595295597
----------Fold 4--------------
r2: 0.7507919542280586
mae: 2.7416694328754385
----------Fold 5--------------
r2: 0.7678790403856703
mae: 2.8710273701960065

cv avg r2: 0.7621642969109435
cv avg mae: 2.825537486488389


[2020-04-06/09:54:59]		Training RandomForestRegressor on pipe11 ...

----------Fold 1--------------
r2: 0.8149502293929833
mae: 2.5338395441172747
----------Fold 2--------------
r2: 0.8270412102480524
mae: 2.418512206717651
----------Fold 3--------------
r2: 0.7623956993156152
mae: 2.7492125857360685
----------Fold 4--------------
r2: 0.7800278016881894
mae: 2.659368204627075
----------Fold 5--------------
r2: 0.8454276037517665
mae: 2.4574740565903648

cv avg r2: 0.8059685088793215
cv avg mae: 2.563681319557687


[2020-04-06/09:55:06]		Training ExtraTreesRegressor on pipe11 ...

----------Fold 1--------------
r2: 0.8497027928054993
mae: 2.3742246252751644
----------Fold 2--------------
r2: 0.8107051273015983
mae: 2.4295982852252003
----------Fold 3--------------
r2: 0.7501113427129454
mae: 2.7719420608071434
----------Fold 4--------------
r2: 0.8302752499140323
mae: 2.3336276485479783
----------Fold 5--------------
r2: 0.824700721090293
mae: 2.4619186524974115

cv avg r2: 0.8130990467648737
cv avg mae: 2.4742622544705797


[2020-04-06/09:55:12]		Training AdaBoostRegressor on pipe11 ...

----------Fold 1--------------
r2: 0.7798426908454231
mae: 2.7023491052519875
----------Fold 2--------------
r2: 0.8040947214256823
mae: 2.5607045548958696
----------Fold 3--------------
r2: 0.7831918992506715
mae: 2.619113296173155
----------Fold 4--------------
r2: 0.7988446461348474
mae: 2.609775753316207
----------Fold 5--------------
r2: 0.8454284660652299
mae: 2.490576741770491

cv avg r2: 0.8022804847443707
cv avg mae: 2.596503890281542


[2020-04-06/09:55:18]		Training GradientBoostingRegressor on pipe11 ...

----------Fold 1--------------
r2: 0.7229525360060445
mae: 2.8645907449057124
----------Fold 2--------------
r2: 0.8439519014966328
mae: 2.272269781940411
----------Fold 3--------------
r2: 0.7897496918623057
mae: 2.6214853834846674
----------Fold 4--------------
r2: 0.7841934929282494
mae: 2.6115810527131678
----------Fold 5--------------
r2: 0.8699464765948148
mae: 2.273609468468967

cv avg r2: 0.8021588197776094
cv avg mae: 2.528707286302585