


[2020-04-06/09:49:45]		Training LinearRegression on pipe4 ...

----------Fold 1--------------
r2: 0.8265156178876243
mae: 2.564161083735372
----------Fold 2--------------
r2: 0.7022519453196198
mae: 3.0367133440242258
----------Fold 3--------------
r2: 0.7181031552438728
mae: 3.3479354333922893
----------Fold 4--------------
r2: 0.7065462884540413
mae: 3.2039777984587836
----------Fold 5--------------
r2: 0.7886773914915308
mae: 3.1154214961180027

cv avg r2: 0.7484188796793377
cv avg mae: 3.0536418311457347


[2020-04-06/09:49:49]		Training Ridge on pipe4 ...

----------Fold 1--------------
r2: 0.8267791607773785
mae: 2.560447465867617
----------Fold 2--------------
r2: 0.7027811427829557
mae: 3.0339693901381235
----------Fold 3--------------
r2: 0.7178932847498655
mae: 3.358702539024433
----------Fold 4--------------
r2: 0.7117191626440864
mae: 3.145556733337134
----------Fold 5--------------
r2: 0.7898642726629959
mae: 3.108050577510764

cv avg r2: 0.7498074047234564
cv avg mae: 3.0413453411756146


[2020-04-06/09:49:54]		Training Lasso on pipe4 ...

----------Fold 1--------------
r2: 0.8076819750766394
mae: 2.7586839324555847
----------Fold 2--------------
r2: 0.7000093652638646
mae: 3.104521213401035
----------Fold 3--------------
r2: 0.6986653021968252
mae: 3.5079359101251164
----------Fold 4--------------
r2: 0.7043009809810129
mae: 3.2077578274269003
----------Fold 5--------------
r2: 0.727555048571108
mae: 3.444178898321446

cv avg r2: 0.7276425344178901
cv avg mae: 3.204615556346017


[2020-04-06/09:49:59]		Training SVR on pipe4 ...

----------Fold 1--------------
r2: 0.7737164778271666
mae: 2.9055896896731275
----------Fold 2--------------
r2: 0.6933925772274553
mae: 3.24822047655933
----------Fold 3--------------
r2: 0.6136641089091492
mae: 3.756288467042918
----------Fold 4--------------
r2: 0.6941421363947283
mae: 2.941162985211872
----------Fold 5--------------
r2: 0.6967737297634294
mae: 3.422706569777168

cv avg r2: 0.6943378060243858
cv avg mae: 3.254793637652883


[2020-04-06/09:50:04]		Training RandomForestRegressor on pipe4 ...

----------Fold 1--------------
r2: 0.8226485239718976
mae: 2.4986623116747433
----------Fold 2--------------
r2: 0.7513963234856539
mae: 2.808716443411436
----------Fold 3--------------
r2: 0.705005275168111
mae: 3.4127992906859834
----------Fold 4--------------
r2: 0.7240668704103516
mae: 3.039410680217912
----------Fold 5--------------
r2: 0.8025769506088904
mae: 2.807856817622765

cv avg r2: 0.7611387887289809
cv avg mae: 2.913489108722568


[2020-04-06/09:50:11]		Training ExtraTreesRegressor on pipe4 ...

----------Fold 1--------------
r2: 0.8355893798160818
mae: 2.4362421500582725
----------Fold 2--------------
r2: 0.756617446726036
mae: 2.7159551800226738
----------Fold 3--------------
r2: 0.6896081485823558
mae: 3.4089867975814574
----------Fold 4--------------
r2: 0.7230275729826339
mae: 3.0183160585471014
----------Fold 5--------------
r2: 0.8116041962523501
mae: 2.740614465075819

cv avg r2: 0.7632893488718915
cv avg mae: 2.864022930257065


[2020-04-06/09:50:18]		Training AdaBoostRegressor on pipe4 ...

----------Fold 1--------------
r2: 0.8010252512972026
mae: 2.596310013120607
----------Fold 2--------------
r2: 0.7553971188001191
mae: 2.854340260549555
----------Fold 3--------------
r2: 0.6837168979628274
mae: 3.6583034622035977
----------Fold 4--------------
r2: 0.7418619541826715
mae: 3.0224805675654247
----------Fold 5--------------
r2: 0.8028157052152096
mae: 2.867135164182835

cv avg r2: 0.7569633854916061
cv avg mae: 2.999713893524404


[2020-04-06/09:50:22]		Training GradientBoostingRegressor on pipe4 ...

----------Fold 1--------------
r2: 0.6881270237132205
mae: 3.141237081829043
----------Fold 2--------------
r2: 0.7378394217077003
mae: 2.917730175430582
----------Fold 3--------------
r2: 0.6400332244412887
mae: 3.6936606230434035
----------Fold 4--------------
r2: 0.7049663134838158
mae: 3.133471955322594
----------Fold 5--------------
r2: 0.7792231005515244
mae: 3.0159257708326916

cv avg r2: 0.71003781677951
cv avg mae: 3.180405121291663