


[2020-04-06/09:51:09]		Training LinearRegression on pipe6 ...

----------Fold 1--------------
r2: 0.7149933332101315
mae: 3.2674052416004633
----------Fold 2--------------
r2: 0.6921909654167318
mae: 3.3425723376211067
----------Fold 3--------------
r2: 0.6841651113948628
mae: 3.325939256012732
----------Fold 4--------------
r2: 0.7126695378483665
mae: 3.0423627332892886
----------Fold 5--------------
r2: 0.7052379351652662
mae: 3.5691396685502936

cv avg r2: 0.7018513766070719
cv avg mae: 3.3094838474147763


[2020-04-06/09:51:13]		Training Ridge on pipe6 ...

----------Fold 1--------------
r2: 0.7149881642148834
mae: 3.267797802837045
----------Fold 2--------------
r2: 0.6928293152855641
mae: 3.3377424954728383
----------Fold 3--------------
r2: 0.6838640449316487
mae: 3.327846539908974
----------Fold 4--------------
r2: 0.7130521434935155
mae: 3.044998502351664
----------Fold 5--------------
r2: 0.7054117230116647
mae: 3.5616045946751402

cv avg r2: 0.7020290781874553
cv avg mae: 3.307997987049132


[2020-04-06/09:51:18]		Training Lasso on pipe6 ...

----------Fold 1--------------
r2: 0.7071014178477829
mae: 3.3298594086336766
----------Fold 2--------------
r2: 0.6795698124801647
mae: 3.3443819165447692
----------Fold 3--------------
r2: 0.6703012836756578
mae: 3.5049528229664126
----------Fold 4--------------
r2: 0.7030070275964799
mae: 3.0943877999410683
----------Fold 5--------------
r2: 0.671140365913351
mae: 3.685914936902979

cv avg r2: 0.6862239815026873
cv avg mae: 3.391899376997781


[2020-04-06/09:51:22]		Training SVR on pipe6 ...

----------Fold 1--------------
r2: 0.7595333420419654
mae: 2.840945979479993
----------Fold 2--------------
r2: 0.7135120260397682
mae: 3.0786324267068648
----------Fold 3--------------
r2: 0.6602056703520063
mae: 3.229944729605213
----------Fold 4--------------
r2: 0.7161147615561652
mae: 2.88269944453985
----------Fold 5--------------
r2: 0.7235220188049252
mae: 3.33718473439674

cv avg r2: 0.7145775637589661
cv avg mae: 3.0738814629457325


[2020-04-06/09:51:27]		Training RandomForestRegressor on pipe6 ...

----------Fold 1--------------
r2: 0.7226991098956228
mae: 2.9525915932406823
----------Fold 2--------------
r2: 0.6567247888661618
mae: 3.2839632124817126
----------Fold 3--------------
r2: 0.6146664770718164
mae: 3.471482503121583
----------Fold 4--------------
r2: 0.777257627665469
mae: 2.6832417303028135
----------Fold 5--------------
r2: 0.774302446292843
mae: 3.1976394259550993

cv avg r2: 0.7091300899583827
cv avg mae: 3.117783693020378


[2020-04-06/09:51:34]		Training ExtraTreesRegressor on pipe6 ...

----------Fold 1--------------
r2: 0.773099816934255
mae: 2.7362769560453213
----------Fold 2--------------
r2: 0.7273865566115347
mae: 2.9512287675495643
----------Fold 3--------------
r2: 0.6625580291029091
mae: 3.272666408490159
----------Fold 4--------------
r2: 0.7789678139192324
mae: 2.6422466983707484
----------Fold 5--------------
r2: 0.7815313401524091
mae: 3.097962513466237

cv avg r2: 0.7447087113440681
cv avg mae: 2.940076268784406


[2020-04-06/09:51:41]		Training AdaBoostRegressor on pipe6 ...

----------Fold 1--------------
r2: 0.7494991732880638
mae: 2.796557765252388
----------Fold 2--------------
r2: 0.5992775899779779
mae: 3.6754897413234446
----------Fold 3--------------
r2: 0.6079647271667626
mae: 3.7789272855882676
----------Fold 4--------------
r2: 0.7492386656500023
mae: 3.0215336823936196
----------Fold 5--------------
r2: 0.748329043458251
mae: 3.4171018474620145

cv avg r2: 0.6908618399082116
cv avg mae: 3.337922064403947


[2020-04-06/09:51:46]		Training GradientBoostingRegressor on pipe6 ...

----------Fold 1--------------
r2: 0.6804584565757967
mae: 3.381222417764482
----------Fold 2--------------
r2: 0.5450594215149567
mae: 3.6955460902288246
----------Fold 3--------------
r2: 0.5665684928148345
mae: 3.548012839401109
----------Fold 4--------------
r2: 0.7259149090821021
mae: 2.959788217688554
----------Fold 5--------------
r2: 0.6760809346801486
mae: 3.500631066737689

cv avg r2: 0.6388164429335677
cv avg mae: 3.4170401263641317