


[2020-04-06/09:48:23]		Training LinearRegression on pipe2 ...

----------Fold 1--------------
r2: 0.8490290860748716
mae: 2.3489406779661017
----------Fold 2--------------
r2: 0.7739256208245573
mae: 2.6924258474576273
----------Fold 3--------------
r2: 0.7406334448561183
mae: 3.2360169491525426
----------Fold 4--------------
r2: 0.7113761223585787
mae: 3.0796610169491525
----------Fold 5--------------
r2: 0.7959815508543493
mae: 3.11551724137931

cv avg r2: 0.774189164993695
cv avg mae: 2.894512346580947


[2020-04-06/09:48:28]		Training Ridge on pipe2 ...

----------Fold 1--------------
r2: 0.8486442652145517
mae: 2.3550862786615165
----------Fold 2--------------
r2: 0.7717992969967279
mae: 2.6983913954706242
----------Fold 3--------------
r2: 0.7373489887074908
mae: 3.2494940579248968
----------Fold 4--------------
r2: 0.7131296646230489
mae: 3.068579544273802
----------Fold 5--------------
r2: 0.7933645658383341
mae: 3.115748848142463

cv avg r2: 0.7728573562760307
cv avg mae: 2.8974600248946607


[2020-04-06/09:48:33]		Training Lasso on pipe2 ...

----------Fold 1--------------
r2: 0.6717455923694537
mae: 3.658165394214434
----------Fold 2--------------
r2: 0.54695083310272
mae: 3.9438731749272713
----------Fold 3--------------
r2: 0.566129798076513
mae: 4.3737500775506275
----------Fold 4--------------
r2: 0.5980434682894487
mae: 3.7500574001853044
----------Fold 5--------------
r2: 0.5668176326591646
mae: 4.31876225320215

cv avg r2: 0.58993746489946
cv avg mae: 4.008921660015957


[2020-04-06/09:48:37]		Training SVR on pipe2 ...

----------Fold 1--------------
r2: 0.8118228053775143
mae: 2.640499487040713
----------Fold 2--------------
r2: 0.7218887872890891
mae: 2.941714719915968
----------Fold 3--------------
r2: 0.6592663516820053
mae: 3.360844579009991
----------Fold 4--------------
r2: 0.729820514338924
mae: 2.8215504153760382
----------Fold 5--------------
r2: 0.7302202293158016
mae: 3.178380478759086

cv avg r2: 0.7306037376006669
cv avg mae: 2.9885979360203594


[2020-04-06/09:48:42]		Training RandomForestRegressor on pipe2 ...

----------Fold 1--------------
r2: 0.8224232371394006
mae: 2.473348304877981
----------Fold 2--------------
r2: 0.7632048889343225
mae: 2.718949398905237
----------Fold 3--------------
r2: 0.6994511908228607
mae: 3.41369688751635
----------Fold 4--------------
r2: 0.7266012045768642
mae: 3.0551953146550535
----------Fold 5--------------
r2: 0.8092518235316157
mae: 2.7140857314441393

cv avg r2: 0.7641864690010127
cv avg mae: 2.8750551274797522


[2020-04-06/09:48:49]		Training ExtraTreesRegressor on pipe2 ...

----------Fold 1--------------
r2: 0.7726481152234591
mae: 2.74039891942477
----------Fold 2--------------
r2: 0.7301330609754826
mae: 2.8762783216946786
----------Fold 3--------------
r2: 0.6963814660248082
mae: 3.4043038090829083
----------Fold 4--------------
r2: 0.7363241938479768
mae: 2.9548889500196727
----------Fold 5--------------
r2: 0.8146686986912157
mae: 2.6807929801429116

cv avg r2: 0.7500311069525885
cv avg mae: 2.931332596072988


[2020-04-06/09:48:55]		Training AdaBoostRegressor on pipe2 ...

----------Fold 1--------------
r2: 0.8092106695406135
mae: 2.446127756015864
----------Fold 2--------------
r2: 0.7786975324179393
mae: 2.6802695518903628
----------Fold 3--------------
r2: 0.6745802229646054
mae: 3.5394556042962346
----------Fold 4--------------
r2: 0.7040518717155302
mae: 3.3430484770356963
----------Fold 5--------------
r2: 0.7818632975421045
mae: 3.0190767544332697

cv avg r2: 0.7496807188361586
cv avg mae: 3.005595628734285


[2020-04-06/09:48:59]		Training GradientBoostingRegressor on pipe2 ...

----------Fold 1--------------
r2: 0.6805532271009466
mae: 3.1077774617444556
----------Fold 2--------------
r2: 0.7325283164361587
mae: 2.919006122787733
----------Fold 3--------------
r2: 0.6150185845008993
mae: 3.7843743801939653
----------Fold 4--------------
r2: 0.7089826132022351
mae: 3.0453491273856046
----------Fold 5--------------
r2: 0.7833703244123769
mae: 2.988230250502585

cv avg r2: 0.7040906131305233
cv avg mae: 3.1689474685228687