


[2020-04-06/09:48:04]		Training LinearRegression on pipe1 ...

----------Fold 1--------------
r2: 0.6654501713488
mae: 3.6106487179925746
----------Fold 2--------------
r2: 0.6917428203678173
mae: 3.3273151381810853
----------Fold 3--------------
r2: 0.7046739094381776
mae: 3.1940234215075898
----------Fold 4--------------
r2: 0.7235773257034003
mae: 2.9860287383623154
----------Fold 5--------------
r2: 0.7188728546492624
mae: 3.4052523673921935

cv avg r2: 0.7008634163014916
cv avg mae: 3.3046536766871517


[2020-04-06/09:48:05]		Training Ridge on pipe1 ...

----------Fold 1--------------
r2: 0.6679243322089157
mae: 3.5977047682714614
----------Fold 2--------------
r2: 0.6929998925878481
mae: 3.319820219159506
----------Fold 3--------------
r2: 0.704389985557671
mae: 3.1970361778865435
----------Fold 4--------------
r2: 0.7241153118902095
mae: 2.9806153381306233
----------Fold 5--------------
r2: 0.7186083652881444
mae: 3.4034680540837003

cv avg r2: 0.7016075775065577
cv avg mae: 3.2997289115063664


[2020-04-06/09:48:07]		Training Lasso on pipe1 ...

----------Fold 1--------------
r2: 0.7071012886895406
mae: 3.3298552315120156
----------Fold 2--------------
r2: 0.6795686902881152
mae: 3.344384741977147
----------Fold 3--------------
r2: 0.6703012836756578
mae: 3.5049528229664126
----------Fold 4--------------
r2: 0.7030070275964799
mae: 3.0943877999410683
----------Fold 5--------------
r2: 0.6711403650187723
mae: 3.685914944362587

cv avg r2: 0.6862237310537131
cv avg mae: 3.391899108151846


[2020-04-06/09:48:10]		Training SVR on pipe1 ...

----------Fold 1--------------
r2: 0.7642661752754154
mae: 2.85201116939611
----------Fold 2--------------
r2: 0.7492546976953627
mae: 2.85410217854842
----------Fold 3--------------
r2: 0.6688210385667108
mae: 3.102094558959997
----------Fold 4--------------
r2: 0.705214530288824
mae: 2.9230682344429257
----------Fold 5--------------
r2: 0.7510778580697277
mae: 3.2039063324977217

cv avg r2: 0.7277268599792082
cv avg mae: 2.9870364947690353


[2020-04-06/09:48:11]		Training RandomForestRegressor on pipe1 ...

----------Fold 1--------------
r2: 0.7176548543754221
mae: 2.9398153770471502
----------Fold 2--------------
r2: 0.7290781408799393
mae: 2.912926693476832
----------Fold 3--------------
r2: 0.7302458038786039
mae: 3.0354195292906447
----------Fold 4--------------
r2: 0.767532470393766
mae: 2.625103854791063
----------Fold 5--------------
r2: 0.806552033006913
mae: 2.780531328759798

cv avg r2: 0.7502126605069288
cv avg mae: 2.8587593566730978


[2020-04-06/09:48:15]		Training ExtraTreesRegressor on pipe1 ...

----------Fold 1--------------
r2: 0.7677648980957574
mae: 2.771108835893267
----------Fold 2--------------
r2: 0.7630446936135264
mae: 2.7050580104140356
----------Fold 3--------------
r2: 0.7124428213740177
mae: 3.054525481572763
----------Fold 4--------------
r2: 0.7659241416660325
mae: 2.729336851691622
----------Fold 5--------------
r2: 0.8075416372421467
mae: 2.746507938202888

cv avg r2: 0.7633436383982962
cv avg mae: 2.8013074235549147


[2020-04-06/09:48:18]		Training AdaBoostRegressor on pipe1 ...

----------Fold 1--------------
r2: 0.7797934180933621
mae: 2.758218616615244
----------Fold 2--------------
r2: 0.6984938537966199
mae: 3.1598115656056054
----------Fold 3--------------
r2: 0.7192192994165703
mae: 3.1540797824678797
----------Fold 4--------------
r2: 0.7718518454004345
mae: 2.888376181977172
----------Fold 5--------------
r2: 0.7849612373334639
mae: 3.06619727128722

cv avg r2: 0.7508639308080901
cv avg mae: 3.005336683590625


[2020-04-06/09:48:20]		Training GradientBoostingRegressor on pipe1 ...

----------Fold 1--------------
r2: 0.7018575268589808
mae: 3.120639542162646
----------Fold 2--------------
r2: 0.7280968806014978
mae: 2.9382737394948912
----------Fold 3--------------
r2: 0.704141245522302
mae: 3.045667675497192
----------Fold 4--------------
r2: 0.7605079463133182
mae: 2.811926347228564
----------Fold 5--------------
r2: 0.7970629977803683
mae: 2.8982289382244213

cv avg r2: 0.7383333194152935
cv avg mae: 2.962947248521543