


[2020-04-06/09:49:04]		Training LinearRegression on pipe3 ...

----------Fold 1--------------
r2: 0.8265156178876245
mae: 2.564161083735371
----------Fold 2--------------
r2: 0.7022519453196201
mae: 3.0367133440242253
----------Fold 3--------------
r2: 0.7179780483776759
mae: 3.359317839710506
----------Fold 4--------------
r2: 0.71096633455546
mae: 3.1507203541477793
----------Fold 5--------------
r2: 0.7903481600958142
mae: 3.107139499850846

cv avg r2: 0.7496120212472388
cv avg mae: 3.043610424293745


[2020-04-06/09:49:08]		Training Ridge on pipe3 ...

----------Fold 1--------------
r2: 0.8275345147160391
mae: 2.5556886087494384
----------Fold 2--------------
r2: 0.7031747713244565
mae: 3.034245143249152
----------Fold 3--------------
r2: 0.719477981758867
mae: 3.358020090636409
----------Fold 4--------------
r2: 0.7114120297908009
mae: 3.146567846613534
----------Fold 5--------------
r2: 0.7897522461630838
mae: 3.111119884440242

cv avg r2: 0.7502703087506495
cv avg mae: 3.041128314737755


[2020-04-06/09:49:13]		Training Lasso on pipe3 ...

----------Fold 1--------------
r2: 0.7464305712231055
mae: 3.235364209620722
----------Fold 2--------------
r2: 0.6399023769976637
mae: 3.2700312567145766
----------Fold 3--------------
r2: 0.708213892096826
mae: 3.609000406826207
----------Fold 4--------------
r2: 0.6133353734006595
mae: 3.7110881138465497
----------Fold 5--------------
r2: 0.6922108976603201
mae: 3.740002396320283

cv avg r2: 0.680018622275715
cv avg mae: 3.5130972766656674


[2020-04-06/09:49:17]		Training SVR on pipe3 ...

----------Fold 1--------------
r2: 0.8505835001759101
mae: 2.334485945210346
----------Fold 2--------------
r2: 0.7334427307919484
mae: 2.9095834994800707
----------Fold 3--------------
r2: 0.6904340922455812
mae: 3.332131806288746
----------Fold 4--------------
r2: 0.7252033967310247
mae: 2.8536876525341657
----------Fold 5--------------
r2: 0.7455420058047935
mae: 3.1116574476899674

cv avg r2: 0.7490411451498515
cv avg mae: 2.908309270240659


[2020-04-06/09:49:21]		Training RandomForestRegressor on pipe3 ...

----------Fold 1--------------
r2: 0.8226485239718977
mae: 2.4986623116747433
----------Fold 2--------------
r2: 0.751396323485654
mae: 2.808716443411436
----------Fold 3--------------
r2: 0.705005275168111
mae: 3.4127992906859843
----------Fold 4--------------
r2: 0.7240668704103514
mae: 3.039410680217912
----------Fold 5--------------
r2: 0.8025769506088902
mae: 2.807856817622767

cv avg r2: 0.7611387887289809
cv avg mae: 2.9134891087225685


[2020-04-06/09:49:29]		Training ExtraTreesRegressor on pipe3 ...

----------Fold 1--------------
r2: 0.835589379816082
mae: 2.4362421500582725
----------Fold 2--------------
r2: 0.756617446726036
mae: 2.7159551800226733
----------Fold 3--------------
r2: 0.6896081485823558
mae: 3.4089867975814574
----------Fold 4--------------
r2: 0.7230275729826336
mae: 3.0183160585471023
----------Fold 5--------------
r2: 0.8116041962523501
mae: 2.7406144650758186

cv avg r2: 0.7632893488718915
cv avg mae: 2.864022930257065


[2020-04-06/09:49:35]		Training AdaBoostRegressor on pipe3 ...

----------Fold 1--------------
r2: 0.8010252512972026
mae: 2.596310013120607
----------Fold 2--------------
r2: 0.7553971188001191
mae: 2.854340260549555
----------Fold 3--------------
r2: 0.6837168979628274
mae: 3.6583034622035977
----------Fold 4--------------
r2: 0.7418619541826715
mae: 3.0224805675654247
----------Fold 5--------------
r2: 0.8028157052152096
mae: 2.867135164182835

cv avg r2: 0.7569633854916061
cv avg mae: 2.999713893524404


[2020-04-06/09:49:40]		Training GradientBoostingRegressor on pipe3 ...

----------Fold 1--------------
r2: 0.6880665516221582
mae: 3.1415395238029653
----------Fold 2--------------
r2: 0.7378394217077003
mae: 2.917730175430582
----------Fold 3--------------
r2: 0.6350776284648227
mae: 3.714940454144069
----------Fold 4--------------
r2: 0.7049663134838158
mae: 3.133471955322594
----------Fold 5--------------
r2: 0.7792231005515244
mae: 3.0159257708326916

cv avg r2: 0.7090346031660044
cv avg mae: 3.1847215759065803