


[2020-04-06/09:52:33]		Training LinearRegression on pipe8 ...

----------Fold 1--------------
r2: 0.8159653418037277
mae: 2.7362343574054298
----------Fold 2--------------
r2: 0.8120855761866286
mae: 2.4863428651820145
----------Fold 3--------------
r2: 0.8289560168370916
mae: 2.59599856762725
----------Fold 4--------------
r2: 0.8178246310374039
mae: 2.500638513876356
----------Fold 5--------------
r2: 0.8406441529917971
mae: 2.6706730518018365

cv avg r2: 0.8230951437713298
cv avg mae: 2.5979774711785777


[2020-04-06/09:52:37]		Training Ridge on pipe8 ...

----------Fold 1--------------
r2: 0.8178652478507318
mae: 2.721804837368939
----------Fold 2--------------
r2: 0.814323907875354
mae: 2.47674091975997
----------Fold 3--------------
r2: 0.827610177227226
mae: 2.5864607188177855
----------Fold 4--------------
r2: 0.8168787774165788
mae: 2.4948307052431624
----------Fold 5--------------
r2: 0.8421244714337931
mae: 2.6480702562136664

cv avg r2: 0.8237605163607367
cv avg mae: 2.5855814874807046


[2020-04-06/09:52:42]		Training Lasso on pipe8 ...

----------Fold 1--------------
r2: 0.8194901554325404
mae: 2.6317324935763065
----------Fold 2--------------
r2: 0.8081055778930682
mae: 2.4526988166232275
----------Fold 3--------------
r2: 0.8001397712136296
mae: 2.6749756512565184
----------Fold 4--------------
r2: 0.7984176788428717
mae: 2.541043617949097
----------Fold 5--------------
r2: 0.7907150151176765
mae: 3.047223417271357

cv avg r2: 0.8033736396999572
cv avg mae: 2.669534799335301


[2020-04-06/09:52:46]		Training SVR on pipe8 ...

----------Fold 1--------------
r2: 0.8962382722925317
mae: 1.9113196354774429
----------Fold 2--------------
r2: 0.8270170186065694
mae: 2.1880203569444308
----------Fold 3--------------
r2: 0.7847400741621047
mae: 2.6431283967367043
----------Fold 4--------------
r2: 0.8039274853956515
mae: 2.3952168070843602
----------Fold 5--------------
r2: 0.8148980209306352
mae: 2.5225299633057188

cv avg r2: 0.8253641742774984
cv avg mae: 2.3320430319097314


[2020-04-06/09:52:51]		Training RandomForestRegressor on pipe8 ...

----------Fold 1--------------
r2: 0.8172122992272101
mae: 2.397944612847175
----------Fold 2--------------
r2: 0.8304655938680805
mae: 2.132615681875992
----------Fold 3--------------
r2: 0.799660953765792
mae: 2.352847198891325
----------Fold 4--------------
r2: 0.8661771330244645
mae: 2.0884630916538196
----------Fold 5--------------
r2: 0.8653177202208362
mae: 2.2870158167973114

cv avg r2: 0.8357667400212765
cv avg mae: 2.2517772804131244


[2020-04-06/09:52:57]		Training ExtraTreesRegressor on pipe8 ...

----------Fold 1--------------
r2: 0.8670577198277272
mae: 2.101971925735368
----------Fold 2--------------
r2: 0.8571505061178927
mae: 1.9435897768793853
----------Fold 3--------------
r2: 0.7992848680481027
mae: 2.361982676536261
----------Fold 4--------------
r2: 0.8506641429189972
mae: 2.196228540266533
----------Fold 5--------------
r2: 0.8771350412792464
mae: 2.1329794020467343

cv avg r2: 0.8502584556383933
cv avg mae: 2.1473504642928565


[2020-04-06/09:53:03]		Training AdaBoostRegressor on pipe8 ...

----------Fold 1--------------
r2: 0.8234464454298899
mae: 2.5237260615308164
----------Fold 2--------------
r2: 0.8527225732061354
mae: 2.19079631555918
----------Fold 3--------------
r2: 0.8201324729302907
mae: 2.461597962899962
----------Fold 4--------------
r2: 0.8431929443790328
mae: 2.2497514330488912
----------Fold 5--------------
r2: 0.8710605621493324
mae: 2.2487300875287706

cv avg r2: 0.8421109996189362
cv avg mae: 2.334920372113524


[2020-04-06/09:53:09]		Training GradientBoostingRegressor on pipe8 ...

----------Fold 1--------------
r2: 0.8305939878805382
mae: 2.348245517954874
----------Fold 2--------------
r2: 0.8216784157700372
mae: 2.0890240844983907
----------Fold 3--------------
r2: 0.825141113130378
mae: 2.309102214402383
----------Fold 4--------------
r2: 0.8795999878899826
mae: 1.9623936009769851
----------Fold 5--------------
r2: 0.8641221774304153
mae: 2.3355000179917083

cv avg r2: 0.8442271364202704
cv avg mae: 2.2088530871648686