


[2020-04-06/09:53:18]		Training LinearRegression on pipe9 ...

----------Fold 1--------------
r2: 0.7835725076038909
mae: 2.8665274941916143
----------Fold 2--------------
r2: 0.7169590073007219
mae: 3.0810997859724094
----------Fold 3--------------
r2: 0.6951161370500369
mae: 3.1382484647785254
----------Fold 4--------------
r2: 0.75201935047888
mae: 2.7378742265236773
----------Fold 5--------------
r2: 0.7339728945057837
mae: 3.0947387639988904

cv avg r2: 0.7363279793878627
cv avg mae: 2.9836977470930237


[2020-04-06/09:53:23]		Training Ridge on pipe9 ...

----------Fold 1--------------
r2: 0.7836636851348351
mae: 2.8660382943779408
----------Fold 2--------------
r2: 0.717015552809138
mae: 3.0809588509286856
----------Fold 3--------------
r2: 0.6951185352054641
mae: 3.1384088794918026
----------Fold 4--------------
r2: 0.7520593779798067
mae: 2.7372578019436067
----------Fold 5--------------
r2: 0.7338483910586322
mae: 3.094978170645837

cv avg r2: 0.7363411084375752
cv avg mae: 2.9835283994775743


[2020-04-06/09:53:27]		Training Lasso on pipe9 ...

----------Fold 1--------------
r2: 0.7781843308565937
mae: 2.9346091534694616
----------Fold 2--------------
r2: 0.720102849551151
mae: 3.0978454493971963
----------Fold 3--------------
r2: 0.6909333934827366
mae: 3.226040138903786
----------Fold 4--------------
r2: 0.7627747029320626
mae: 2.644003978103816
----------Fold 5--------------
r2: 0.7234483419883173
mae: 3.2036125646688656

cv avg r2: 0.7350887237621724
cv avg mae: 3.021222256908625


[2020-04-06/09:53:32]		Training SVR on pipe9 ...

----------Fold 1--------------
r2: 0.8125134092734732
mae: 2.584047369111927
----------Fold 2--------------
r2: 0.6924118521180749
mae: 3.1496313432709404
----------Fold 3--------------
r2: 0.6731082030237943
mae: 3.137483461997107
----------Fold 4--------------
r2: 0.7190120043010029
mae: 2.6619293670694844
----------Fold 5--------------
r2: 0.7479180022480066
mae: 3.033153039326087

cv avg r2: 0.7289926941928704
cv avg mae: 2.9132489161551094


[2020-04-06/09:53:37]		Training RandomForestRegressor on pipe9 ...

----------Fold 1--------------
r2: 0.8347893826197081
mae: 2.490910289301433
----------Fold 2--------------
r2: 0.7973042505466346
mae: 2.5813974609541805
----------Fold 3--------------
r2: 0.7005704561864932
mae: 3.1679905835657767
----------Fold 4--------------
r2: 0.8152927947678787
mae: 2.4254913904247086
----------Fold 5--------------
r2: 0.836752832786142
mae: 2.383595820508863

cv avg r2: 0.7969419433813713
cv avg mae: 2.6098771089509922


[2020-04-06/09:53:44]		Training ExtraTreesRegressor on pipe9 ...

----------Fold 1--------------
r2: 0.8395687328426881
mae: 2.469551092077915
----------Fold 2--------------
r2: 0.7760538909338576
mae: 2.6660555925399914
----------Fold 3--------------
r2: 0.7146032945421026
mae: 3.06190189825319
----------Fold 4--------------
r2: 0.8246249846075306
mae: 2.3564483511979533
----------Fold 5--------------
r2: 0.7966756624681943
mae: 2.662280651447438

cv avg r2: 0.7903053130788746
cv avg mae: 2.6432475171032976


[2020-04-06/09:53:50]		Training AdaBoostRegressor on pipe9 ...

----------Fold 1--------------
r2: 0.7763817631904231
mae: 2.8251451977435127
----------Fold 2--------------
r2: 0.7851536467015888
mae: 2.733144842925748
----------Fold 3--------------
r2: 0.6673546923894456
mae: 3.2808454961503606
----------Fold 4--------------
r2: 0.854266003605137
mae: 2.242023013210579
----------Fold 5--------------
r2: 0.7853213901075565
mae: 2.9318693638484925

cv avg r2: 0.7736954991988303
cv avg mae: 2.802605582775739


[2020-04-06/09:53:55]		Training GradientBoostingRegressor on pipe9 ...

----------Fold 1--------------
r2: 0.8013589813446217
mae: 2.597153611177608
----------Fold 2--------------
r2: 0.7852658459605225
mae: 2.5669416690697813
----------Fold 3--------------
r2: 0.7059317416838775
mae: 2.9414291691025154
----------Fold 4--------------
r2: 0.8143080593031758
mae: 2.4988647359379215
----------Fold 5--------------
r2: 0.8679543257905821
mae: 2.1690079299168987

cv avg r2: 0.7949637908165559
cv avg mae: 2.5546794230409446